Exporter version: 2.93.5, Blender version: 2.93.8
========= Conversion from Blender to Babylon.js =========
	Scene settings used :
		Inline textures     :  false
		Material Type       :  PBR
		Positions Precision :  4
		Normals Precision   :  3
		UVs Precision       :  3
		Vert Color Precision:  3
		Mat Weight Precision:  2
		Keep Z-up r-handed  :  no
		Texture directory   :  C:\Users\antoi\Objets 3D\game-prototype\model3D\
	Python World class constructor completed
	WARNING: No active camera has been assigned, or is not in a currently enabled collection
	processing begun of mesh:  Cuve
		processing begun of material:  Bricks
		processing begun of material:  Wood
			processing texture BrickWall27_4K_BaseColor
				texture type:  diffuseTexture, mapped using: "UVMap"
			processing texture WoodenPlanks05_4K_BaseColor
				texture type:  diffuseTexture, mapped using: "UVMap"
		processing begun of multimaterial:  scene_prototype.Multimaterial#0
		num positions      :  595
		num normals        :  595
		num tangents       :  0
		num uvs            :  1190
		num uvs2           :  0
		num colors         :  0
		num triangles      :  238
	processing begun of mesh:  SpawnRamp1
		WARNING: No materials have been assigned: 
		num positions      :  29
		num normals        :  29
		num tangents       :  0
		num uvs            :  58
		num uvs2           :  0
		num colors         :  0
		num triangles      :  12
	processing begun of mesh:  SpawnTank
		WARNING: No materials have been assigned: 
		num positions      :  29
		num normals        :  29
		num tangents       :  0
		num uvs            :  58
		num uvs2           :  0
		num colors         :  0
		num triangles      :  12
	processing begun of mesh:  SpawnRamp3
		WARNING: No materials have been assigned: 
		num positions      :  29
		num normals        :  29
		num tangents       :  0
		num uvs            :  58
		num uvs2           :  0
		num colors         :  0
		num triangles      :  12
	processing begun of mesh:  SpawnRamp2
		WARNING: No materials have been assigned: 
		num positions      :  29
		num normals        :  29
		num tangents       :  0
		num uvs            :  58
		num uvs2           :  0
		num colors         :  0
		num triangles      :  12
	processing begun of mesh:  GlassPanel
		WARNING: No materials have been assigned: 
		num positions      :  795
		num normals        :  795
		num tangents       :  0
		num uvs            :  1590
		num uvs2           :  0
		num colors         :  0
		num triangles      :  304
	processing begun of mesh:  Trigger1
		WARNING: No materials have been assigned: 
		num positions      :  29
		num normals        :  29
		num tangents       :  0
		num uvs            :  58
		num uvs2           :  0
		num colors         :  0
		num triangles      :  12
	processing begun of mesh:  Ramp1
		processing begun of material:  Bricks
		processing begun of material:  Wood
		registered as also a user of material:  Bricks
		registered as also a user of material:  Wood
		processing begun of multimaterial:  scene_prototype.Multimaterial#1
		num positions      :  120
		num normals        :  120
		num tangents       :  0
		num uvs            :  240
		num uvs2           :  0
		num colors         :  0
		num triangles      :  44
	processing begun of mesh:  Ramp1.002
		processing begun of material:  Bricks
		processing begun of material:  Wood
		registered as also a user of material:  Bricks
		registered as also a user of material:  Wood
		processing begun of multimaterial:  scene_prototype.Multimaterial#2
		num positions      :  120
		num normals        :  120
		num tangents       :  0
		num uvs            :  240
		num uvs2           :  0
		num colors         :  0
		num triangles      :  44
	processing begun of mesh:  Ramp1.001
		processing begun of material:  Bricks
		processing begun of material:  Wood
		registered as also a user of material:  Bricks
		registered as also a user of material:  Wood
		processing begun of multimaterial:  scene_prototype.Multimaterial#3
		num positions      :  120
		num normals        :  120
		num tangents       :  0
		num uvs            :  240
		num uvs2           :  0
		num colors         :  0
		num triangles      :  44
========= Writing of JSON file started =========
	writing mesh:  Cuve
	writing mesh:  SpawnRamp1
	writing mesh:  SpawnTank
	writing mesh:  SpawnRamp3
	writing mesh:  SpawnRamp2
	writing mesh:  GlassPanel
	writing mesh:  Trigger1
	writing mesh:  Ramp1
	writing mesh:  Ramp1.002
	writing mesh:  Ramp1.001
========= Writing of JSON file completed =========
========= end of processing =========
elapsed time:  0 min, 0.097 secs
